<?xml version="1.0" encoding="UTF-8"?>
<testng-results skipped="0" failed="0" ignored="1" total="9" passed="8">
  <reporter-output>
  </reporter-output>
  <suite name="Loan Department Suite" duration-ms="250" started-at="2018-11-06T15:34:00Z" finished-at="2018-11-06T15:34:00Z">
    <groups>
    </groups>
    <test name="Personal Loan Test" duration-ms="159" started-at="2018-11-06T15:34:00Z" finished-at="2018-11-06T15:34:00Z">
      <class name="test.day4">
        <test-method status="PASS" signature="LoginAPIhomeLoan()[pri:0, instance:test.day4@6cc4c815]" name="LoginAPIhomeLoan" duration-ms="2" started-at="2018-11-06T15:34:00Z" finished-at="2018-11-06T15:34:00Z">
          <reporter-output>
          </reporter-output>
        </test-method> <!-- LoginAPIhomeLoan -->
        <test-method status="PASS" signature="MobileLoginhomeLoan()[pri:0, instance:test.day4@6cc4c815]" name="MobileLoginhomeLoan" duration-ms="3" started-at="2018-11-06T15:34:00Z" finished-at="2018-11-06T15:34:00Z">
          <reporter-output>
          </reporter-output>
        </test-method> <!-- MobileLoginhomeLoan -->
        <test-method status="PASS" signature="WebLoginhomeLoan()[pri:0, instance:test.day4@6cc4c815]" name="WebLoginhomeLoan" duration-ms="6" started-at="2018-11-06T15:34:00Z" finished-at="2018-11-06T15:34:00Z">
          <reporter-output>
          </reporter-output>
        </test-method> <!-- WebLoginhomeLoan -->
      </class> <!-- test.day4 -->
      <class name="test.day2">
        <test-method status="PASS" signature="ploan()[pri:0, instance:test.day2@56f4468b]" name="ploan" duration-ms="10" started-at="2018-11-06T15:34:00Z" finished-at="2018-11-06T15:34:00Z">
          <reporter-output>
          </reporter-output>
        </test-method> <!-- ploan -->
      </class> <!-- test.day2 -->
      <class name="test.day1">
        <test-method status="PASS" signature="Demo()[pri:0, instance:test.day1@5dfcfece]" name="Demo" duration-ms="19" started-at="2018-11-06T15:34:00Z" finished-at="2018-11-06T15:34:00Z">
          <reporter-output>
          </reporter-output>
        </test-method> <!-- Demo -->
        <test-method status="PASS" signature="SecondTest()[pri:0, instance:test.day1@5dfcfece]" name="SecondTest" duration-ms="6" started-at="2018-11-06T15:34:00Z" finished-at="2018-11-06T15:34:00Z">
          <reporter-output>
          </reporter-output>
        </test-method> <!-- SecondTest -->
      </class> <!-- test.day1 -->
    </test> <!-- Personal Loan Test -->
    <test name="Car Loan Test" duration-ms="28" started-at="2018-11-06T15:34:00Z" finished-at="2018-11-06T15:34:00Z">
      <class name="test.day3">
        <test-method status="PASS" signature="LoginAPICarLoan()[pri:0, instance:test.day3@cc285f4]" name="LoginAPICarLoan" duration-ms="5" started-at="2018-11-06T15:34:00Z" finished-at="2018-11-06T15:34:00Z">
          <reporter-output>
          </reporter-output>
        </test-method> <!-- LoginAPICarLoan -->
        <test-method status="PASS" signature="WebLoginCarLoan()[pri:0, instance:test.day3@cc285f4]" name="WebLoginCarLoan" duration-ms="5" started-at="2018-11-06T15:34:00Z" finished-at="2018-11-06T15:34:00Z">
          <reporter-output>
          </reporter-output>
        </test-method> <!-- WebLoginCarLoan -->
      </class> <!-- test.day3 -->
    </test> <!-- Car Loan Test -->
  </suite> <!-- Loan Department Suite -->
</testng-results>
