<?xml version="1.0" encoding="UTF-8"?>
<testng-results skipped="0" failed="0" ignored="0" total="3" passed="3">
  <reporter-output>
  </reporter-output>
  <suite name="Loan Department Suite" duration-ms="84" started-at="2018-11-06T01:11:46Z" finished-at="2018-11-06T01:11:46Z">
    <groups>
    </groups>
    <test name="Personal Loan Test" duration-ms="84" started-at="2018-11-06T01:11:46Z" finished-at="2018-11-06T01:11:46Z">
      <class name="test.day2">
        <test-method status="PASS" signature="ploan()[pri:0, instance:test.day2@5d5eef3d]" name="ploan" duration-ms="4" started-at="2018-11-06T01:11:46Z" finished-at="2018-11-06T01:11:46Z">
          <reporter-output>
          </reporter-output>
        </test-method> <!-- ploan -->
      </class> <!-- test.day2 -->
      <class name="test.day1">
        <test-method status="PASS" signature="Demo()[pri:0, instance:test.day1@4439f31e]" name="Demo" duration-ms="24" started-at="2018-11-06T01:11:46Z" finished-at="2018-11-06T01:11:46Z">
          <reporter-output>
          </reporter-output>
        </test-method> <!-- Demo -->
        <test-method status="PASS" signature="SecondTest()[pri:0, instance:test.day1@4439f31e]" name="SecondTest" duration-ms="4" started-at="2018-11-06T01:11:46Z" finished-at="2018-11-06T01:11:46Z">
          <reporter-output>
          </reporter-output>
        </test-method> <!-- SecondTest -->
      </class> <!-- test.day1 -->
    </test> <!-- Personal Loan Test -->
  </suite> <!-- Loan Department Suite -->
</testng-results>
