<?xml version="1.0" encoding="UTF-8"?>
<!-- Generated by org.testng.reporters.JUnitXMLReporter -->
<testsuite hostname="DESKTOP-K7RD84J" ignored="0" name="Test" tests="2" failures="1" timestamp="08 Nov 2018 18:50:27 GMT" time="6.102" errors="0">
  <testcase name="VerifyHomePageTitle" time="3.129" classname="test.Basic">
    <failure type="java.lang.AssertionError" message="expected [true] but found [false]">
      <![CDATA[java.lang.AssertionError: expected [true] but found [false]
at test.Basic.VerifyHomePageTitle(Basic.java:30)
... Removed 29 stack frames]]>
    </failure>
  </testcase> <!-- VerifyHomePageTitle -->
  <testcase name="VerifyHomePageUrl" time="2.157" classname="test.Basic"/>
</testsuite> <!-- Test -->
