<?xml version="1.0" encoding="UTF-8"?>
<!-- Generated by org.testng.reporters.JUnitXMLReporter -->
<testsuite hostname="DESKTOP-K7RD84J" ignored="1" name="Car Loan Test" tests="2" failures="0" timestamp="06 Nov 2018 15:34:00 GMT" time="0.028" errors="0">
  <testcase name="LoginAPICarLoan" time="0.005" classname="test.day3"/>
  <testcase name="WebLoginCarLoan" time="0.005" classname="test.day3"/>
  <testcase name="MobileLoginCarLoan" time="0.0" classname="test.day3">
    <ignored/>
  </testcase> <!-- MobileLoginCarLoan -->
</testsuite> <!-- Car Loan Test -->
