<?xml version="1.0" encoding="UTF-8"?>
<!-- Generated by org.testng.reporters.JUnitXMLReporter -->
<testsuite hostname="DESKTOP-K7RD84J" ignored="0" name="Personal Loan Test" tests="6" failures="0" timestamp="06 Nov 2018 15:34:00 GMT" time="0.159" errors="0">
  <testcase name="Demo" time="0.019" classname="test.day1"/>
  <testcase name="SecondTest" time="0.006" classname="test.day1"/>
  <testcase name="ploan" time="0.01" classname="test.day2"/>
  <testcase name="LoginAPIhomeLoan" time="0.002" classname="test.day4"/>
  <testcase name="MobileLoginhomeLoan" time="0.003" classname="test.day4"/>
  <testcase name="WebLoginhomeLoan" time="0.006" classname="test.day4"/>
</testsuite> <!-- Personal Loan Test -->
